

Microchip MPLAB XC8 Assembler V2.40 build 20220703182018 
                                                                                               Wed Jan 18 22:13:16 2023

Microchip MPLAB XC8 C Compiler v2.40 (Free license) build 20220703182018 Og1 
     1                           	processor	16F877A
     2                           	pagewidth 120
     3                           	opt	flic
     4                           	psect	strings,global,class=STRING,delta=2,noexec
     5                           	psect	cinit,global,class=CODE,merge=1,delta=2
     6                           	psect	bssCOMMON,global,class=COMMON,space=1,delta=1,noexec
     7                           	psect	cstackCOMMON,global,class=COMMON,space=1,delta=1,noexec
     8                           	psect	maintext,global,class=CODE,split=1,delta=2
     9                           	psect	text1,local,class=CODE,merge=1,delta=2
    10                           	psect	text2,local,class=CODE,merge=1,delta=2
    11                           	psect	text3,local,class=CODE,merge=1,delta=2
    12                           	psect	text4,local,class=CODE,merge=1,delta=2
    13                           	psect	text5,local,class=CODE,merge=1,delta=2
    14                           	psect	text6,local,class=CODE,merge=1,delta=2
    15                           	psect	intentry,global,class=CODE,delta=2
    16                           	psect	idloc,global,abs,ovrld,class=IDLOC,space=5,delta=2,noexec
    17                           	psect	config,global,abs,ovrld,class=CONFIG,space=4,delta=2,noexec
    18                           	dabs	1,0x7E,2
    19     0000                     
    20                           ; Version 2.40
    21                           ; Generated 17/11/2021 GMT
    22                           ; 
    23                           ; Copyright © 2021, Microchip Technology Inc. and its subsidiaries ("Microchip")
    24                           ; All rights reserved.
    25                           ; 
    26                           ; This software is developed by Microchip Technology Inc. and its subsidiaries ("Microch
      +                          ip").
    27                           ; 
    28                           ; Redistribution and use in source and binary forms, with or without modification, are
    29                           ; permitted provided that the following conditions are met:
    30                           ; 
    31                           ;     1. Redistributions of source code must retain the above copyright notice, this lis
      +                          t of
    32                           ;        conditions and the following disclaimer.
    33                           ; 
    34                           ;     2. Redistributions in binary form must reproduce the above copyright notice, this 
      +                          list
    35                           ;        of conditions and the following disclaimer in the documentation and/or other
    36                           ;        materials provided with the distribution. Publication is not required when
    37                           ;        this file is used in an embedded application.
    38                           ; 
    39                           ;     3. Microchip's name may not be used to endorse or promote products derived from th
      +                          is
    40                           ;        software without specific prior written permission.
    41                           ; 
    42                           ; THIS SOFTWARE IS PROVIDED BY MICROCHIP "AS IS" AND ANY EXPRESS OR IMPLIED WARRANTIES,
    43                           ; INCLUDING, BUT NOT LIMITED TO, THE IMPLIED WARRANTIES OF MERCHANTABILITY AND FITNESS F
      +                          OR
    44                           ; PURPOSE ARE DISCLAIMED.  IN NO EVENT SHALL MICROCHIP BE LIABLE FOR ANY DIRECT, INDIREC
      +                          T,
    45                           ; INCIDENTAL, SPECIAL, EXEMPLARY, OR CONSEQUENTIAL DAMAGES (INCLUDING BUT NOT LIMITED TO
    46                           ; PROCUREMENT OF SUBSTITUTE GOODS OR SERVICES; LOSS OF USE, DATA OR PROFITS; OR BUSINESS
    47                           ; INTERRUPTION) HOWSOEVER CAUSED AND ON ANY THEORY OF LIABILITY, WHETHER IN CONTRACT, ST
      +                          RICT
    48                           ; LIABILITY, OR TORT (INCLUDING NEGLIGENCE OR OTHERWISE) ARISING IN ANY WAY OUT OF THE U
      +                          SE OF
    49                           ; THIS SOFTWARE, EVEN IF ADVISED OF THE POSSIBILITY OF SUCH DAMAGE.
    50                           ; 
    51                           ; 
    52                           ; Code-generator required, PIC16F877A Definitions
    53                           ; 
    54                           ; SFR Addresses
    55     0000                     	;# 
    56     0001                     	;# 
    57     0002                     	;# 
    58     0003                     	;# 
    59     0004                     	;# 
    60     0005                     	;# 
    61     0006                     	;# 
    62     0007                     	;# 
    63     0008                     	;# 
    64     0009                     	;# 
    65     000A                     	;# 
    66     000B                     	;# 
    67     000C                     	;# 
    68     000D                     	;# 
    69     000E                     	;# 
    70     000E                     	;# 
    71     000F                     	;# 
    72     0010                     	;# 
    73     0011                     	;# 
    74     0012                     	;# 
    75     0013                     	;# 
    76     0014                     	;# 
    77     0015                     	;# 
    78     0015                     	;# 
    79     0016                     	;# 
    80     0017                     	;# 
    81     0018                     	;# 
    82     0019                     	;# 
    83     001A                     	;# 
    84     001B                     	;# 
    85     001B                     	;# 
    86     001C                     	;# 
    87     001D                     	;# 
    88     001E                     	;# 
    89     001F                     	;# 
    90     0081                     	;# 
    91     0085                     	;# 
    92     0086                     	;# 
    93     0087                     	;# 
    94     0088                     	;# 
    95     0089                     	;# 
    96     008C                     	;# 
    97     008D                     	;# 
    98     008E                     	;# 
    99     0091                     	;# 
   100     0092                     	;# 
   101     0093                     	;# 
   102     0094                     	;# 
   103     0098                     	;# 
   104     0099                     	;# 
   105     009C                     	;# 
   106     009D                     	;# 
   107     009E                     	;# 
   108     009F                     	;# 
   109     010C                     	;# 
   110     010D                     	;# 
   111     010E                     	;# 
   112     010F                     	;# 
   113     018C                     	;# 
   114     018D                     	;# 
   115     0000                     	;# 
   116     0001                     	;# 
   117     0002                     	;# 
   118     0003                     	;# 
   119     0004                     	;# 
   120     0005                     	;# 
   121     0006                     	;# 
   122     0007                     	;# 
   123     0008                     	;# 
   124     0009                     	;# 
   125     000A                     	;# 
   126     000B                     	;# 
   127     000C                     	;# 
   128     000D                     	;# 
   129     000E                     	;# 
   130     000E                     	;# 
   131     000F                     	;# 
   132     0010                     	;# 
   133     0011                     	;# 
   134     0012                     	;# 
   135     0013                     	;# 
   136     0014                     	;# 
   137     0015                     	;# 
   138     0015                     	;# 
   139     0016                     	;# 
   140     0017                     	;# 
   141     0018                     	;# 
   142     0019                     	;# 
   143     001A                     	;# 
   144     001B                     	;# 
   145     001B                     	;# 
   146     001C                     	;# 
   147     001D                     	;# 
   148     001E                     	;# 
   149     001F                     	;# 
   150     0081                     	;# 
   151     0085                     	;# 
   152     0086                     	;# 
   153     0087                     	;# 
   154     0088                     	;# 
   155     0089                     	;# 
   156     008C                     	;# 
   157     008D                     	;# 
   158     008E                     	;# 
   159     0091                     	;# 
   160     0092                     	;# 
   161     0093                     	;# 
   162     0094                     	;# 
   163     0098                     	;# 
   164     0099                     	;# 
   165     009C                     	;# 
   166     009D                     	;# 
   167     009E                     	;# 
   168     009F                     	;# 
   169     010C                     	;# 
   170     010D                     	;# 
   171     010E                     	;# 
   172     010F                     	;# 
   173     018C                     	;# 
   174     018D                     	;# 
   175     0000                     	;# 
   176     0001                     	;# 
   177     0002                     	;# 
   178     0003                     	;# 
   179     0004                     	;# 
   180     0005                     	;# 
   181     0006                     	;# 
   182     0007                     	;# 
   183     0008                     	;# 
   184     0009                     	;# 
   185     000A                     	;# 
   186     000B                     	;# 
   187     000C                     	;# 
   188     000D                     	;# 
   189     000E                     	;# 
   190     000E                     	;# 
   191     000F                     	;# 
   192     0010                     	;# 
   193     0011                     	;# 
   194     0012                     	;# 
   195     0013                     	;# 
   196     0014                     	;# 
   197     0015                     	;# 
   198     0015                     	;# 
   199     0016                     	;# 
   200     0017                     	;# 
   201     0018                     	;# 
   202     0019                     	;# 
   203     001A                     	;# 
   204     001B                     	;# 
   205     001B                     	;# 
   206     001C                     	;# 
   207     001D                     	;# 
   208     001E                     	;# 
   209     001F                     	;# 
   210     0081                     	;# 
   211     0085                     	;# 
   212     0086                     	;# 
   213     0087                     	;# 
   214     0088                     	;# 
   215     0089                     	;# 
   216     008C                     	;# 
   217     008D                     	;# 
   218     008E                     	;# 
   219     0091                     	;# 
   220     0092                     	;# 
   221     0093                     	;# 
   222     0094                     	;# 
   223     0098                     	;# 
   224     0099                     	;# 
   225     009C                     	;# 
   226     009D                     	;# 
   227     009E                     	;# 
   228     009F                     	;# 
   229     010C                     	;# 
   230     010D                     	;# 
   231     010E                     	;# 
   232     010F                     	;# 
   233     018C                     	;# 
   234     018D                     	;# 
   235     0000                     	;# 
   236     0001                     	;# 
   237     0002                     	;# 
   238     0003                     	;# 
   239     0004                     	;# 
   240     0005                     	;# 
   241     0006                     	;# 
   242     0007                     	;# 
   243     0008                     	;# 
   244     0009                     	;# 
   245     000A                     	;# 
   246     000B                     	;# 
   247     000C                     	;# 
   248     000D                     	;# 
   249     000E                     	;# 
   250     000E                     	;# 
   251     000F                     	;# 
   252     0010                     	;# 
   253     0011                     	;# 
   254     0012                     	;# 
   255     0013                     	;# 
   256     0014                     	;# 
   257     0015                     	;# 
   258     0015                     	;# 
   259     0016                     	;# 
   260     0017                     	;# 
   261     0018                     	;# 
   262     0019                     	;# 
   263     001A                     	;# 
   264     001B                     	;# 
   265     001B                     	;# 
   266     001C                     	;# 
   267     001D                     	;# 
   268     001E                     	;# 
   269     001F                     	;# 
   270     0081                     	;# 
   271     0085                     	;# 
   272     0086                     	;# 
   273     0087                     	;# 
   274     0088                     	;# 
   275     0089                     	;# 
   276     008C                     	;# 
   277     008D                     	;# 
   278     008E                     	;# 
   279     0091                     	;# 
   280     0092                     	;# 
   281     0093                     	;# 
   282     0094                     	;# 
   283     0098                     	;# 
   284     0099                     	;# 
   285     009C                     	;# 
   286     009D                     	;# 
   287     009E                     	;# 
   288     009F                     	;# 
   289     010C                     	;# 
   290     010D                     	;# 
   291     010E                     	;# 
   292     010F                     	;# 
   293     018C                     	;# 
   294     018D                     	;# 
   295     0000                     	;# 
   296     0001                     	;# 
   297     0002                     	;# 
   298     0003                     	;# 
   299     0004                     	;# 
   300     0005                     	;# 
   301     0006                     	;# 
   302     0007                     	;# 
   303     0008                     	;# 
   304     0009                     	;# 
   305     000A                     	;# 
   306     000B                     	;# 
   307     000C                     	;# 
   308     000D                     	;# 
   309     000E                     	;# 
   310     000E                     	;# 
   311     000F                     	;# 
   312     0010                     	;# 
   313     0011                     	;# 
   314     0012                     	;# 
   315     0013                     	;# 
   316     0014                     	;# 
   317     0015                     	;# 
   318     0015                     	;# 
   319     0016                     	;# 
   320     0017                     	;# 
   321     0018                     	;# 
   322     0019                     	;# 
   323     001A                     	;# 
   324     001B                     	;# 
   325     001B                     	;# 
   326     001C                     	;# 
   327     001D                     	;# 
   328     001E                     	;# 
   329     001F                     	;# 
   330     0081                     	;# 
   331     0085                     	;# 
   332     0086                     	;# 
   333     0087                     	;# 
   334     0088                     	;# 
   335     0089                     	;# 
   336     008C                     	;# 
   337     008D                     	;# 
   338     008E                     	;# 
   339     0091                     	;# 
   340     0092                     	;# 
   341     0093                     	;# 
   342     0094                     	;# 
   343     0098                     	;# 
   344     0099                     	;# 
   345     009C                     	;# 
   346     009D                     	;# 
   347     009E                     	;# 
   348     009F                     	;# 
   349     010C                     	;# 
   350     010D                     	;# 
   351     010E                     	;# 
   352     010F                     	;# 
   353     018C                     	;# 
   354     018D                     	;# 
   355     0000                     	;# 
   356     0001                     	;# 
   357     0002                     	;# 
   358     0003                     	;# 
   359     0004                     	;# 
   360     0005                     	;# 
   361     0006                     	;# 
   362     0007                     	;# 
   363     0008                     	;# 
   364     0009                     	;# 
   365     000A                     	;# 
   366     000B                     	;# 
   367     000C                     	;# 
   368     000D                     	;# 
   369     000E                     	;# 
   370     000E                     	;# 
   371     000F                     	;# 
   372     0010                     	;# 
   373     0011                     	;# 
   374     0012                     	;# 
   375     0013                     	;# 
   376     0014                     	;# 
   377     0015                     	;# 
   378     0015                     	;# 
   379     0016                     	;# 
   380     0017                     	;# 
   381     0018                     	;# 
   382     0019                     	;# 
   383     001A                     	;# 
   384     001B                     	;# 
   385     001B                     	;# 
   386     001C                     	;# 
   387     001D                     	;# 
   388     001E                     	;# 
   389     001F                     	;# 
   390     0081                     	;# 
   391     0085                     	;# 
   392     0086                     	;# 
   393     0087                     	;# 
   394     0088                     	;# 
   395     0089                     	;# 
   396     008C                     	;# 
   397     008D                     	;# 
   398     008E                     	;# 
   399     0091                     	;# 
   400     0092                     	;# 
   401     0093                     	;# 
   402     0094                     	;# 
   403     0098                     	;# 
   404     0099                     	;# 
   405     009C                     	;# 
   406     009D                     	;# 
   407     009E                     	;# 
   408     009F                     	;# 
   409     010C                     	;# 
   410     010D                     	;# 
   411     010E                     	;# 
   412     010F                     	;# 
   413     018C                     	;# 
   414     018D                     	;# 
   415                           
   416                           	psect	strings
   417     00BD                     __pstrings:
   418     00BD                     stringtab:
   419     00BD                     __stringtab:
   420     00BD                     stringcode:	
   421                           ;	String table - string pointers are 1 byte each
   422                           
   423     00BD                     stringdir:
   424     00BD  3000               	movlw	high stringdir
   425     00BE  008A               	movwf	10
   426     00BF  0804               	movf	4,w
   427     00C0  0A84               	incf	4,f
   428     00C1  0782               	addwf	2,f
   429     00C2                     __stringbase:
   430     00C2  3400               	retlw	0
   431     00C3                     __end_of__stringtab:
   432     00C3                     _keypad:
   433     00C3  342A               	retlw	42
   434     00C4  3407               	retlw	7
   435     00C5  3404               	retlw	4
   436     00C6  3401               	retlw	1
   437     00C7  3400               	retlw	0
   438     00C8  3408               	retlw	8
   439     00C9  3405               	retlw	5
   440     00CA  3402               	retlw	2
   441     00CB  3423               	retlw	35
   442     00CC  3409               	retlw	9
   443     00CD  3406               	retlw	6
   444     00CE  3403               	retlw	3
   445     00CF                     __end_of_keypad:
   446     00CF                     SevenSeg_Write@displayPattern:
   447     00CF  34EE               	retlw	238
   448     00D0  3428               	retlw	40
   449     00D1  34CD               	retlw	205
   450     00D2  346D               	retlw	109
   451     00D3  342B               	retlw	43
   452     00D4  3467               	retlw	103
   453     00D5  34E7               	retlw	231
   454     00D6  342C               	retlw	44
   455     00D7  34EF               	retlw	239
   456     00D8  346F               	retlw	111
   457     00D9                     __end_ofSevenSeg_Write@displayPattern:
   458     0008                     _PORTD	set	8
   459     0009                     _PORTEbits	set	9
   460     0008                     _PORTDbits	set	8
   461     001E                     _ADRESH	set	30
   462     001F                     _ADCON0	set	31
   463     0006                     _PORTB	set	6
   464     000B                     _INTCON	set	11
   465     0086                     _TRISB	set	134
   466     0089                     _TRISE	set	137
   467     0088                     _TRISD	set	136
   468     009E                     _ADRESL	set	158
   469     0085                     _TRISA	set	133
   470     009F                     _ADCON1	set	159
   471     0081                     _OPTION_REG	set	129
   472                           
   473                           	psect	cinit
   474     000F                     start_initialization:	
   475                           ; #config settings
   476                           
   477     000F                     __initialization:
   478                           
   479                           ; Clear objects allocated to COMMON
   480     000F  01F9               	clrf	__pbssCOMMON& (0+127)
   481     0010  01FA               	clrf	(__pbssCOMMON+1)& (0+127)
   482     0011                     end_of_initialization:	
   483                           ;End of C runtime variable initialization code
   484                           
   485     0011                     __end_of__initialization:
   486     0011  0183               	clrf	3
   487     0012  120A  118A  28D9   	ljmp	_main	;jump to C main() function
   488                           
   489                           	psect	bssCOMMON
   490     0079                     __pbssCOMMON:
   491     0079                     Numpad_Read@oldKeyVal:
   492     0079                     	ds	1
   493     007A                     _DisplayOn:
   494     007A                     	ds	1
   495                           
   496                           	psect	cstackCOMMON
   497     0070                     __pcstackCOMMON:
   498     0070                     ?_Adc_Init:
   499     0070                     ?_Lcd_Init:	
   500                           ; 1 bytes @ 0x0
   501                           
   502     0070                     ?_main:	
   503                           ; 1 bytes @ 0x0
   504                           
   505     0070                     ?_ISR:	
   506                           ; 1 bytes @ 0x0
   507                           
   508     0070                     ??_ISR:	
   509                           ; 1 bytes @ 0x0
   510                           
   511     0070                     ?_Lcd_Port:	
   512                           ; 1 bytes @ 0x0
   513                           
   514     0070                     ?_Lcd_Cmd:	
   515                           ; 1 bytes @ 0x0
   516                           
   517                           
   518                           ; 1 bytes @ 0x0
   519     0070                     	ds	3
   520     0073                     ??_Adc_Init:
   521     0073                     ?_SevenSeg_Write:	
   522                           ; 1 bytes @ 0x3
   523                           
   524     0073                     ??_Lcd_Port:	
   525                           ; 1 bytes @ 0x3
   526                           
   527     0073                     SevenSeg_Write@display:	
   528                           ; 1 bytes @ 0x3
   529                           
   530     0073                     Lcd_Port@a:	
   531                           ; 1 bytes @ 0x3
   532                           
   533                           
   534                           ; 1 bytes @ 0x3
   535     0073                     	ds	1
   536     0074                     ??_SevenSeg_Write:
   537     0074                     ??_Lcd_Cmd:	
   538                           ; 1 bytes @ 0x4
   539                           
   540                           
   541                           ; 1 bytes @ 0x4
   542     0074                     	ds	2
   543     0076                     SevenSeg_Write@value:
   544     0076                     Lcd_Cmd@a:	
   545                           ; 1 bytes @ 0x6
   546                           
   547                           
   548                           ; 1 bytes @ 0x6
   549     0076                     	ds	1
   550     0077                     ??_Lcd_Init:
   551                           
   552                           ; 1 bytes @ 0x7
   553     0077                     	ds	2
   554     0079                     ??_main:
   555                           
   556                           	psect	maintext
   557     00D9                     __pmaintext:	
   558                           ; 1 bytes @ 0x9
   559 ;;
   560 ;;Main: autosize = 0, tempsize = 0, incstack = 0, save=0
   561 ;;
   562 ;; *************** function _main *****************
   563 ;; Defined at:
   564 ;;		line 25 in file "main.c"
   565 ;; Parameters:    Size  Location     Type
   566 ;;		None
   567 ;; Auto vars:     Size  Location     Type
   568 ;;  val             2    0        int 
   569 ;; Return value:  Size  Location     Type
   570 ;;                  1    wreg      void 
   571 ;; Registers used:
   572 ;;		wreg, fsr0l, fsr0h, status,2, status,0, pclath, cstack
   573 ;; Tracked objects:
   574 ;;		On entry : B00/0
   575 ;;		On exit  : 0/0
   576 ;;		Unchanged: 0/0
   577 ;; Data sizes:     COMMON   BANK0   BANK1   BANK3   BANK2
   578 ;;      Params:         0       0       0       0       0
   579 ;;      Locals:         0       0       0       0       0
   580 ;;      Temps:          0       0       0       0       0
   581 ;;      Totals:         0       0       0       0       0
   582 ;;Total ram usage:        0 bytes
   583 ;; Hardware stack levels required when called: 4
   584 ;; This function calls:
   585 ;;		_Adc_Init
   586 ;;		_Lcd_Init
   587 ;;		_SevenSeg_Write
   588 ;; This function is called by:
   589 ;;		Startup code after reset
   590 ;; This function uses a non-reentrant model
   591 ;;
   592                           
   593     00D9                     _main:	
   594                           ;psect for function _main
   595                           
   596     00D9                     l970:	
   597                           ;incstack = 0
   598                           ; Regs used in _main: [wreg-fsr0h+status,2+status,0+pclath+cstack]
   599                           
   600                           
   601                           ;main.c: 26:     Adc_Init();
   602     00D9  120A  118A  2129  120A  118A  	fcall	_Adc_Init
   603                           
   604                           ;main.c: 27:     Lcd_Init();
   605     00DE  120A  118A  2015  120A  118A  	fcall	_Lcd_Init
   606     00E3                     l972:
   607                           
   608                           ;main.c: 28:     INTCON = 0xA0;
   609     00E3  30A0               	movlw	160
   610     00E4  008B               	movwf	11	;volatile
   611     00E5                     l974:
   612                           
   613                           ;main.c: 29:     OPTION_REG = 0x80;
   614     00E5  3080               	movlw	128
   615     00E6  1683               	bsf	3,5	;RP0=1, select bank1
   616     00E7  1303               	bcf	3,6	;RP1=0, select bank1
   617     00E8  0081               	movwf	1	;volatile
   618     00E9                     l976:
   619                           
   620                           ;main.c: 34:         SevenSeg_Write(3, DisplayOn);
   621     00E9  087A               	movf	_DisplayOn,w
   622     00EA  00F3               	movwf	SevenSeg_Write@display
   623     00EB  3003               	movlw	3
   624     00EC  120A  118A  20F5  120A  118A  	fcall	_SevenSeg_Write
   625     00F1  28E9               	goto	l976
   626     00F2  120A  118A  280C   	ljmp	start
   627     00F5                     __end_of_main:
   628                           
   629                           	psect	text1
   630     00F5                     __ptext1:	
   631 ;; *************** function _SevenSeg_Write *****************
   632 ;; Defined at:
   633 ;;		line 35 in file "../00-Librerie.X/7seg.c"
   634 ;; Parameters:    Size  Location     Type
   635 ;;  value           1    wreg     unsigned char 
   636 ;;  display         1    3[COMMON] unsigned char 
   637 ;; Auto vars:     Size  Location     Type
   638 ;;  value           1    6[COMMON] unsigned char 
   639 ;; Return value:  Size  Location     Type
   640 ;;                  1    wreg      void 
   641 ;; Registers used:
   642 ;;		wreg, fsr0l, fsr0h, status,2, status,0, pclath
   643 ;; Tracked objects:
   644 ;;		On entry : 0/0
   645 ;;		On exit  : 0/0
   646 ;;		Unchanged: 0/0
   647 ;; Data sizes:     COMMON   BANK0   BANK1   BANK3   BANK2
   648 ;;      Params:         1       0       0       0       0
   649 ;;      Locals:         1       0       0       0       0
   650 ;;      Temps:          2       0       0       0       0
   651 ;;      Totals:         4       0       0       0       0
   652 ;;Total ram usage:        4 bytes
   653 ;; Hardware stack levels used: 2
   654 ;; Hardware stack levels required when called: 1
   655 ;; This function calls:
   656 ;;		Nothing
   657 ;; This function is called by:
   658 ;;		_main
   659 ;; This function uses a non-reentrant model
   660 ;;
   661                           
   662     00F5                     _SevenSeg_Write:	
   663                           ;psect for function _SevenSeg_Write
   664                           
   665                           
   666                           ;incstack = 0
   667                           ; Regs used in _SevenSeg_Write: [wreg-fsr0h+status,2+status,0+pclath]
   668                           ;SevenSeg_Write@value stored from wreg
   669     00F5  00F6               	movwf	SevenSeg_Write@value
   670     00F6                     l966:
   671                           
   672                           ;../00-Librerie.X/7seg.c: 37:     const char displayPattern[] = {1 << 2 | 1 << 3 | 1 << 
      +                          5 | 1 << 6 | 1 << 7 | 1 << 1, 1 << 3 | 1 << 5, 1 << 2 | 1 << 3 | 1 << 6 | 1 << 7 | 1 << 
      +                          0, 1 << 2 | 1 << 3 | 1 << 5 | 1 << 6 | 1 << 0, 1 << 3 | 1 << 5 | 1 << 1 | 1 << 0, 1 << 2
      +                           | 1 << 5 | 1 << 6 | 1 << 1 | 1 << 0, 1 << 2 | 1 << 5 | 1 << 6 | 1 << 7 | 1 << 1 | 1 << 
      +                          0, 1 << 2 | 1 << 3 | 1 << 5, 1 << 2 | 1 << 3 | 1 << 5 | 1 << 6 | 1 << 7 | 1 << 1 | 1 << 
      +                          0, 1 << 2 | 1 << 3 | 1 << 5 | 1 << 6 | 1 << 1 | 1 << 0};;../00-Librerie.X/7seg.c: 40:   
      +                            PORTB = displayPattern[value];
   673     00F6  0876               	movf	SevenSeg_Write@value,w
   674     00F7  3E0D               	addlw	low ((SevenSeg_Write@displayPattern-__stringbase)| (0+32768))
   675     00F8  0084               	movwf	4
   676     00F9  120A  118A  20BD  120A  118A  	fcall	stringdir
   677     00FE  1283               	bcf	3,5	;RP0=0, select bank0
   678     00FF  1303               	bcf	3,6	;RP1=0, select bank0
   679     0100  0086               	movwf	6	;volatile
   680     0101                     l968:
   681                           
   682                           ;../00-Librerie.X/7seg.c: 41:     PORTB |= display << 4;
   683     0101  0873               	movf	SevenSeg_Write@display,w	;volatile
   684     0102  00F4               	movwf	??_SevenSeg_Write
   685     0103  3003               	movlw	3
   686     0104                     u315:
   687     0104  1003               	clrc
   688     0105  0DF4               	rlf	??_SevenSeg_Write,f
   689     0106  3EFF               	addlw	-1
   690     0107  1D03               	skipz
   691     0108  2904               	goto	u315
   692     0109  1003               	clrc
   693     010A  0D74               	rlf	??_SevenSeg_Write,w
   694     010B  00F5               	movwf	??_SevenSeg_Write+1
   695     010C  0875               	movf	??_SevenSeg_Write+1,w
   696     010D  0486               	iorwf	6,f	;volatile
   697     010E                     l34:
   698     010E  0008               	return
   699     010F                     __end_of_SevenSeg_Write:
   700                           
   701                           	psect	text2
   702     0015                     __ptext2:	
   703 ;; *************** function _Lcd_Init *****************
   704 ;; Defined at:
   705 ;;		line 41 in file "../00-Librerie.X/lcd.c"
   706 ;; Parameters:    Size  Location     Type
   707 ;;		None
   708 ;; Auto vars:     Size  Location     Type
   709 ;;		None
   710 ;; Return value:  Size  Location     Type
   711 ;;                  1    wreg      void 
   712 ;; Registers used:
   713 ;;		wreg, status,2, status,0, pclath, cstack
   714 ;; Tracked objects:
   715 ;;		On entry : 0/0
   716 ;;		On exit  : 0/0
   717 ;;		Unchanged: 0/0
   718 ;; Data sizes:     COMMON   BANK0   BANK1   BANK3   BANK2
   719 ;;      Params:         0       0       0       0       0
   720 ;;      Locals:         0       0       0       0       0
   721 ;;      Temps:          2       0       0       0       0
   722 ;;      Totals:         2       0       0       0       0
   723 ;;Total ram usage:        2 bytes
   724 ;; Hardware stack levels used: 1
   725 ;; Hardware stack levels required when called: 3
   726 ;; This function calls:
   727 ;;		_Lcd_Cmd
   728 ;;		_Lcd_Port
   729 ;; This function is called by:
   730 ;;		_main
   731 ;; This function uses a non-reentrant model
   732 ;;
   733                           
   734     0015                     _Lcd_Init:	
   735                           ;psect for function _Lcd_Init
   736                           
   737     0015                     l784:	
   738                           ;incstack = 0
   739                           ; Regs used in _Lcd_Init: [wreg+status,2+status,0+pclath+cstack]
   740                           
   741                           
   742                           ;../00-Librerie.X/lcd.c: 42:     TRISD &= ~0xff;
   743     0015  1683               	bsf	3,5	;RP0=1, select bank1
   744     0016  1303               	bcf	3,6	;RP1=0, select bank1
   745     0017  0188               	clrf	8	;volatile
   746     0018                     l786:
   747                           
   748                           ;../00-Librerie.X/lcd.c: 43:     TRISE &= ~0x06;
   749     0018  30F9               	movlw	249
   750     0019  00F7               	movwf	??_Lcd_Init
   751     001A  0877               	movf	??_Lcd_Init,w
   752     001B  0589               	andwf	9,f	;volatile
   753     001C                     l788:
   754                           
   755                           ;../00-Librerie.X/lcd.c: 44:     Lcd_Port(0x00);
   756     001C  3000               	movlw	0
   757     001D  120A  118A  207A  120A  118A  	fcall	_Lcd_Port
   758     0022                     l790:
   759                           
   760                           ;../00-Librerie.X/lcd.c: 45:     _delay((unsigned long)((20)*(20*1000000/4000.0)));
   761     0022  3082               	movlw	130
   762     0023  00F8               	movwf	??_Lcd_Init+1
   763     0024  30DD               	movlw	221
   764     0025  00F7               	movwf	??_Lcd_Init
   765     0026                     u327:
   766     0026  0BF7               	decfsz	??_Lcd_Init,f
   767     0027  2826               	goto	u327
   768     0028  0BF8               	decfsz	??_Lcd_Init+1,f
   769     0029  2826               	goto	u327
   770     002A  282B               	nop2
   771     002B                     l792:
   772                           
   773                           ;../00-Librerie.X/lcd.c: 46:     Lcd_Cmd(0x03);
   774     002B  3003               	movlw	3
   775     002C  120A  118A  209C  120A  118A  	fcall	_Lcd_Cmd
   776     0031                     l794:
   777                           
   778                           ;../00-Librerie.X/lcd.c: 47:     _delay((unsigned long)((5)*(20*1000000/4000.0)));
   779     0031  3021               	movlw	33
   780     0032  00F8               	movwf	??_Lcd_Init+1
   781     0033  3076               	movlw	118
   782     0034  00F7               	movwf	??_Lcd_Init
   783     0035                     u337:
   784     0035  0BF7               	decfsz	??_Lcd_Init,f
   785     0036  2835               	goto	u337
   786     0037  0BF8               	decfsz	??_Lcd_Init+1,f
   787     0038  2835               	goto	u337
   788     0039  0000               	nop
   789     003A                     l796:
   790                           
   791                           ;../00-Librerie.X/lcd.c: 48:     Lcd_Cmd(0x03);
   792     003A  3003               	movlw	3
   793     003B  120A  118A  209C  120A  118A  	fcall	_Lcd_Cmd
   794     0040                     l798:
   795                           
   796                           ;../00-Librerie.X/lcd.c: 49:     _delay((unsigned long)((10)*(20*1000000/4000.0)));
   797     0040  3041               	movlw	65
   798     0041  00F8               	movwf	??_Lcd_Init+1
   799     0042  30EE               	movlw	238
   800     0043  00F7               	movwf	??_Lcd_Init
   801     0044                     u347:
   802     0044  0BF7               	decfsz	??_Lcd_Init,f
   803     0045  2844               	goto	u347
   804     0046  0BF8               	decfsz	??_Lcd_Init+1,f
   805     0047  2844               	goto	u347
   806     0048  0000               	nop
   807     0049                     l800:
   808                           
   809                           ;../00-Librerie.X/lcd.c: 50:     Lcd_Cmd(0x03);
   810     0049  3003               	movlw	3
   811     004A  120A  118A  209C  120A  118A  	fcall	_Lcd_Cmd
   812     004F                     l802:
   813                           
   814                           ;../00-Librerie.X/lcd.c: 52:     Lcd_Cmd(0x02);
   815     004F  3002               	movlw	2
   816     0050  120A  118A  209C  120A  118A  	fcall	_Lcd_Cmd
   817     0055                     l804:
   818                           
   819                           ;../00-Librerie.X/lcd.c: 54:     Lcd_Cmd(0x02);
   820     0055  3002               	movlw	2
   821     0056  120A  118A  209C  120A  118A  	fcall	_Lcd_Cmd
   822     005B                     l806:
   823                           
   824                           ;../00-Librerie.X/lcd.c: 55:     Lcd_Cmd(0x08);
   825     005B  3008               	movlw	8
   826     005C  120A  118A  209C  120A  118A  	fcall	_Lcd_Cmd
   827     0061                     l808:
   828                           
   829                           ;../00-Librerie.X/lcd.c: 57:     Lcd_Cmd(0x00);
   830     0061  3000               	movlw	0
   831     0062  120A  118A  209C  120A  118A  	fcall	_Lcd_Cmd
   832     0067                     l810:
   833                           
   834                           ;../00-Librerie.X/lcd.c: 58:     Lcd_Cmd(0x0C);
   835     0067  300C               	movlw	12
   836     0068  120A  118A  209C  120A  118A  	fcall	_Lcd_Cmd
   837     006D                     l812:
   838                           
   839                           ;../00-Librerie.X/lcd.c: 60:     Lcd_Cmd(0x00);
   840     006D  3000               	movlw	0
   841     006E  120A  118A  209C  120A  118A  	fcall	_Lcd_Cmd
   842     0073                     l814:
   843                           
   844                           ;../00-Librerie.X/lcd.c: 61:     Lcd_Cmd(0x06);
   845     0073  3006               	movlw	6
   846     0074  120A  118A  209C  120A  118A  	fcall	_Lcd_Cmd
   847     0079                     l82:
   848     0079  0008               	return
   849     007A                     __end_of_Lcd_Init:
   850                           
   851                           	psect	text3
   852     009C                     __ptext3:	
   853 ;; *************** function _Lcd_Cmd *****************
   854 ;; Defined at:
   855 ;;		line 29 in file "../00-Librerie.X/lcd.c"
   856 ;; Parameters:    Size  Location     Type
   857 ;;  a               1    wreg     unsigned char 
   858 ;; Auto vars:     Size  Location     Type
   859 ;;  a               1    6[COMMON] unsigned char 
   860 ;; Return value:  Size  Location     Type
   861 ;;                  1    wreg      void 
   862 ;; Registers used:
   863 ;;		wreg, status,2, status,0, pclath, cstack
   864 ;; Tracked objects:
   865 ;;		On entry : 0/0
   866 ;;		On exit  : 0/0
   867 ;;		Unchanged: 0/0
   868 ;; Data sizes:     COMMON   BANK0   BANK1   BANK3   BANK2
   869 ;;      Params:         0       0       0       0       0
   870 ;;      Locals:         1       0       0       0       0
   871 ;;      Temps:          2       0       0       0       0
   872 ;;      Totals:         3       0       0       0       0
   873 ;;Total ram usage:        3 bytes
   874 ;; Hardware stack levels used: 1
   875 ;; Hardware stack levels required when called: 2
   876 ;; This function calls:
   877 ;;		_Lcd_Port
   878 ;; This function is called by:
   879 ;;		_Lcd_Init
   880 ;;		_Lcd_Clear
   881 ;;		_Lcd_Set_Cursor
   882 ;;		_Lcd_Shift_Right
   883 ;;		_Lcd_Shift_Left
   884 ;; This function uses a non-reentrant model
   885 ;;
   886                           
   887     009C                     _Lcd_Cmd:	
   888                           ;psect for function _Lcd_Cmd
   889                           
   890                           
   891                           ;incstack = 0
   892                           ; Regs used in _Lcd_Cmd: [wreg+status,2+status,0+pclath+cstack]
   893                           ;Lcd_Cmd@a stored from wreg
   894     009C  00F6               	movwf	Lcd_Cmd@a
   895     009D                     l748:
   896                           
   897                           ;../00-Librerie.X/lcd.c: 30:     TRISD &= ~0xff;
   898     009D  1683               	bsf	3,5	;RP0=1, select bank1
   899     009E  1303               	bcf	3,6	;RP1=0, select bank1
   900     009F  0188               	clrf	8	;volatile
   901     00A0                     l750:
   902                           
   903                           ;../00-Librerie.X/lcd.c: 31:     TRISE &= ~0x06;
   904     00A0  30F9               	movlw	249
   905     00A1  00F4               	movwf	??_Lcd_Cmd
   906     00A2  0874               	movf	??_Lcd_Cmd,w
   907     00A3  0589               	andwf	9,f	;volatile
   908     00A4                     l752:
   909                           
   910                           ;../00-Librerie.X/lcd.c: 34:     PORTEbits.RE2 = 0;
   911     00A4  1283               	bcf	3,5	;RP0=0, select bank0
   912     00A5  1303               	bcf	3,6	;RP1=0, select bank0
   913     00A6  1109               	bcf	9,2	;volatile
   914     00A7                     l754:
   915                           
   916                           ;../00-Librerie.X/lcd.c: 35:     Lcd_Port(a);
   917     00A7  0876               	movf	Lcd_Cmd@a,w
   918     00A8  120A  118A  207A  120A  118A  	fcall	_Lcd_Port
   919     00AD                     l756:
   920                           
   921                           ;../00-Librerie.X/lcd.c: 36:     PORTEbits.RE1 = 1;
   922     00AD  1283               	bcf	3,5	;RP0=0, select bank0
   923     00AE  1303               	bcf	3,6	;RP1=0, select bank0
   924     00AF  1489               	bsf	9,1	;volatile
   925     00B0                     l758:
   926                           
   927                           ;../00-Librerie.X/lcd.c: 37:     _delay((unsigned long)((4)*(20*1000000/4000.0)));
   928     00B0  301A               	movlw	26
   929     00B1  00F5               	movwf	??_Lcd_Cmd+1
   930     00B2  30F8               	movlw	248
   931     00B3  00F4               	movwf	??_Lcd_Cmd
   932     00B4                     u357:
   933     00B4  0BF4               	decfsz	??_Lcd_Cmd,f
   934     00B5  28B4               	goto	u357
   935     00B6  0BF5               	decfsz	??_Lcd_Cmd+1,f
   936     00B7  28B4               	goto	u357
   937     00B8  0000               	nop
   938     00B9                     l760:
   939                           
   940                           ;../00-Librerie.X/lcd.c: 38:     PORTEbits.RE1 = 0;
   941     00B9  1283               	bcf	3,5	;RP0=0, select bank0
   942     00BA  1303               	bcf	3,6	;RP1=0, select bank0
   943     00BB  1089               	bcf	9,1	;volatile
   944     00BC                     l79:
   945     00BC  0008               	return
   946     00BD                     __end_of_Lcd_Cmd:
   947                           
   948                           	psect	text4
   949     007A                     __ptext4:	
   950 ;; *************** function _Lcd_Port *****************
   951 ;; Defined at:
   952 ;;		line 14 in file "../00-Librerie.X/lcd.c"
   953 ;; Parameters:    Size  Location     Type
   954 ;;  a               1    wreg     unsigned char 
   955 ;; Auto vars:     Size  Location     Type
   956 ;;  a               1    3[COMMON] unsigned char 
   957 ;; Return value:  Size  Location     Type
   958 ;;                  1    wreg      void 
   959 ;; Registers used:
   960 ;;		wreg
   961 ;; Tracked objects:
   962 ;;		On entry : 0/0
   963 ;;		On exit  : 0/0
   964 ;;		Unchanged: 0/0
   965 ;; Data sizes:     COMMON   BANK0   BANK1   BANK3   BANK2
   966 ;;      Params:         0       0       0       0       0
   967 ;;      Locals:         1       0       0       0       0
   968 ;;      Temps:          0       0       0       0       0
   969 ;;      Totals:         1       0       0       0       0
   970 ;;Total ram usage:        1 bytes
   971 ;; Hardware stack levels used: 1
   972 ;; Hardware stack levels required when called: 1
   973 ;; This function calls:
   974 ;;		Nothing
   975 ;; This function is called by:
   976 ;;		_Lcd_Cmd
   977 ;;		_Lcd_Init
   978 ;;		_Lcd_Write_Char
   979 ;; This function uses a non-reentrant model
   980 ;;
   981                           
   982     007A                     _Lcd_Port:	
   983                           ;psect for function _Lcd_Port
   984                           
   985                           
   986                           ;incstack = 0
   987                           ; Regs used in _Lcd_Port: [wreg]
   988                           ;Lcd_Port@a stored from wreg
   989     007A  00F3               	movwf	Lcd_Port@a
   990     007B                     l738:
   991                           
   992                           ;../00-Librerie.X/lcd.c: 16:     if (a & 1) PORTDbits.RD4 = 1;
   993     007B  1C73               	btfss	Lcd_Port@a,0
   994     007C  287E               	goto	u11
   995     007D  287F               	goto	u10
   996     007E                     u11:
   997     007E  2883               	goto	l68
   998     007F                     u10:
   999     007F                     l740:
  1000     007F  1283               	bcf	3,5	;RP0=0, select bank0
  1001     0080  1303               	bcf	3,6	;RP1=0, select bank0
  1002     0081  1608               	bsf	8,4	;volatile
  1003     0082  2886               	goto	l69
  1004     0083                     l68:	
  1005                           ;../00-Librerie.X/lcd.c: 17:     else PORTDbits.RD4 = 0;
  1006                           
  1007     0083  1283               	bcf	3,5	;RP0=0, select bank0
  1008     0084  1303               	bcf	3,6	;RP1=0, select bank0
  1009     0085  1208               	bcf	8,4	;volatile
  1010     0086                     l69:
  1011                           
  1012                           ;../00-Librerie.X/lcd.c: 19:     if (a & 2) PORTDbits.RD5 = 1;
  1013     0086  1CF3               	btfss	Lcd_Port@a,1
  1014     0087  2889               	goto	u21
  1015     0088  288A               	goto	u20
  1016     0089                     u21:
  1017     0089  288C               	goto	l70
  1018     008A                     u20:
  1019     008A                     l742:
  1020     008A  1688               	bsf	8,5	;volatile
  1021     008B  288D               	goto	l71
  1022     008C                     l70:	
  1023                           ;../00-Librerie.X/lcd.c: 20:     else PORTDbits.RD5 = 0;
  1024                           
  1025     008C  1288               	bcf	8,5	;volatile
  1026     008D                     l71:
  1027                           
  1028                           ;../00-Librerie.X/lcd.c: 22:     if (a & 4) PORTDbits.RD6 = 1;
  1029     008D  1D73               	btfss	Lcd_Port@a,2
  1030     008E  2890               	goto	u31
  1031     008F  2891               	goto	u30
  1032     0090                     u31:
  1033     0090  2893               	goto	l72
  1034     0091                     u30:
  1035     0091                     l744:
  1036     0091  1708               	bsf	8,6	;volatile
  1037     0092  2894               	goto	l73
  1038     0093                     l72:	
  1039                           ;../00-Librerie.X/lcd.c: 23:     else PORTDbits.RD6 = 0;
  1040                           
  1041     0093  1308               	bcf	8,6	;volatile
  1042     0094                     l73:
  1043                           
  1044                           ;../00-Librerie.X/lcd.c: 25:     if (a & 8) PORTDbits.RD7 = 1;
  1045     0094  1DF3               	btfss	Lcd_Port@a,3
  1046     0095  2897               	goto	u41
  1047     0096  2898               	goto	u40
  1048     0097                     u41:
  1049     0097  289A               	goto	l74
  1050     0098                     u40:
  1051     0098                     l746:
  1052     0098  1788               	bsf	8,7	;volatile
  1053     0099  289B               	goto	l76
  1054     009A                     l74:	
  1055                           ;../00-Librerie.X/lcd.c: 26:     else PORTDbits.RD7 = 0;
  1056                           
  1057     009A  1388               	bcf	8,7	;volatile
  1058     009B                     l76:
  1059     009B  0008               	return
  1060     009C                     __end_of_Lcd_Port:
  1061                           
  1062                           	psect	text5
  1063     0129                     __ptext5:	
  1064 ;; *************** function _Adc_Init *****************
  1065 ;; Defined at:
  1066 ;;		line 5 in file "../00-Librerie.X/Adc.c"
  1067 ;; Parameters:    Size  Location     Type
  1068 ;;		None
  1069 ;; Auto vars:     Size  Location     Type
  1070 ;;		None
  1071 ;; Return value:  Size  Location     Type
  1072 ;;                  1    wreg      void 
  1073 ;; Registers used:
  1074 ;;		wreg
  1075 ;; Tracked objects:
  1076 ;;		On entry : 0/0
  1077 ;;		On exit  : 0/0
  1078 ;;		Unchanged: 0/0
  1079 ;; Data sizes:     COMMON   BANK0   BANK1   BANK3   BANK2
  1080 ;;      Params:         0       0       0       0       0
  1081 ;;      Locals:         0       0       0       0       0
  1082 ;;      Temps:          0       0       0       0       0
  1083 ;;      Totals:         0       0       0       0       0
  1084 ;;Total ram usage:        0 bytes
  1085 ;; Hardware stack levels used: 1
  1086 ;; Hardware stack levels required when called: 1
  1087 ;; This function calls:
  1088 ;;		Nothing
  1089 ;; This function is called by:
  1090 ;;		_main
  1091 ;; This function uses a non-reentrant model
  1092 ;;
  1093                           
  1094     0129                     _Adc_Init:	
  1095                           ;psect for function _Adc_Init
  1096                           
  1097     0129                     l782:	
  1098                           ;incstack = 0
  1099                           ; Regs used in _Adc_Init: [wreg]
  1100                           
  1101                           
  1102                           ;../00-Librerie.X/Adc.c: 6:     ADCON0 = 0x81;
  1103     0129  3081               	movlw	129
  1104     012A  1283               	bcf	3,5	;RP0=0, select bank0
  1105     012B  1303               	bcf	3,6	;RP1=0, select bank0
  1106     012C  009F               	movwf	31	;volatile
  1107                           
  1108                           ;../00-Librerie.X/Adc.c: 7:     ADCON1 = 0x80;
  1109     012D  3080               	movlw	128
  1110     012E  1683               	bsf	3,5	;RP0=1, select bank1
  1111     012F  1303               	bcf	3,6	;RP1=0, select bank1
  1112     0130  009F               	movwf	31	;volatile
  1113     0131                     l49:
  1114     0131  0008               	return
  1115     0132                     __end_of_Adc_Init:
  1116                           
  1117                           	psect	text6
  1118     010F                     __ptext6:	
  1119 ;; *************** function _ISR *****************
  1120 ;; Defined at:
  1121 ;;		line 39 in file "main.c"
  1122 ;; Parameters:    Size  Location     Type
  1123 ;;		None
  1124 ;; Auto vars:     Size  Location     Type
  1125 ;;		None
  1126 ;; Return value:  Size  Location     Type
  1127 ;;                  1    wreg      void 
  1128 ;; Registers used:
  1129 ;;		wreg, status,2, status,0
  1130 ;; Tracked objects:
  1131 ;;		On entry : 0/0
  1132 ;;		On exit  : 0/0
  1133 ;;		Unchanged: 0/0
  1134 ;; Data sizes:     COMMON   BANK0   BANK1   BANK3   BANK2
  1135 ;;      Params:         0       0       0       0       0
  1136 ;;      Locals:         0       0       0       0       0
  1137 ;;      Temps:          3       0       0       0       0
  1138 ;;      Totals:         3       0       0       0       0
  1139 ;;Total ram usage:        3 bytes
  1140 ;; Hardware stack levels used: 1
  1141 ;; This function calls:
  1142 ;;		Nothing
  1143 ;; This function is called by:
  1144 ;;		Interrupt level 1
  1145 ;; This function uses a non-reentrant model
  1146 ;;
  1147                           
  1148     010F                     _ISR:	
  1149                           ;psect for function _ISR
  1150                           
  1151     010F                     i1l836:
  1152                           
  1153                           ;main.c: 41:     if (INTCON & 0x04) {
  1154     010F  1D0B               	btfss	11,2	;volatile
  1155     0110  2912               	goto	u8_21
  1156     0111  2913               	goto	u8_20
  1157     0112                     u8_21:
  1158     0112  2922               	goto	i1l27
  1159     0113                     u8_20:
  1160     0113                     i1l838:
  1161                           
  1162                           ;main.c: 42:         INTCON &= ~0x04;
  1163     0113  30FB               	movlw	251
  1164     0114  00F0               	movwf	??_ISR
  1165     0115  0870               	movf	??_ISR,w
  1166     0116  058B               	andwf	11,f	;volatile
  1167                           
  1168                           ;main.c: 43:         DisplayOn++;
  1169     0117  3001               	movlw	1
  1170     0118  00F0               	movwf	??_ISR
  1171     0119  0870               	movf	??_ISR,w
  1172     011A  07FA               	addwf	_DisplayOn,f
  1173     011B                     i1l840:
  1174                           
  1175                           ;main.c: 44:         if (DisplayOn > 3) DisplayOn = 0;
  1176     011B  3004               	movlw	4
  1177     011C  027A               	subwf	_DisplayOn,w
  1178     011D  1C03               	skipc
  1179     011E  2920               	goto	u9_21
  1180     011F  2921               	goto	u9_20
  1181     0120                     u9_21:
  1182     0120  2922               	goto	i1l27
  1183     0121                     u9_20:
  1184     0121                     i1l842:
  1185     0121  01FA               	clrf	_DisplayOn
  1186     0122                     i1l27:
  1187     0122  0872               	movf	??_ISR+2,w
  1188     0123  008A               	movwf	10
  1189     0124  0E71               	swapf	??_ISR+1,w
  1190     0125  0083               	movwf	3
  1191     0126  0EFE               	swapf	btemp,f
  1192     0127  0E7E               	swapf	btemp,w
  1193     0128  0009               	retfie
  1194     0129                     __end_of_ISR:
  1195     007E                     btemp	set	126	;btemp
  1196     007E                     wtemp0	set	126
  1197                           
  1198                           	psect	intentry
  1199     0004                     __pintentry:	
  1200                           ;incstack = 0
  1201                           ; Regs used in _ISR: [wreg+status,2+status,0]
  1202                           
  1203     0004                     interrupt_function:
  1204     007E                     saved_w	set	btemp
  1205     0004  00FE               	movwf	btemp
  1206     0005  0E03               	swapf	3,w
  1207     0006  00F1               	movwf	??_ISR+1
  1208     0007  080A               	movf	10,w
  1209     0008  00F2               	movwf	??_ISR+2
  1210     0009  120A  118A  290F   	ljmp	_ISR
  1211                           
  1212                           	psect	idloc
  1213                           
  1214                           ;Config register IDLOC0 @ 0x2000
  1215                           ;	unspecified, using default values
  1216     2000                     	org	8192
  1217     2000  3FFF               	dw	16383
  1218                           
  1219                           ;Config register IDLOC1 @ 0x2001
  1220                           ;	unspecified, using default values
  1221     2001                     	org	8193
  1222     2001  3FFF               	dw	16383
  1223                           
  1224                           ;Config register IDLOC2 @ 0x2002
  1225                           ;	unspecified, using default values
  1226     2002                     	org	8194
  1227     2002  3FFF               	dw	16383
  1228                           
  1229                           ;Config register IDLOC3 @ 0x2003
  1230                           ;	unspecified, using default values
  1231     2003                     	org	8195
  1232     2003  3FFF               	dw	16383
  1233                           
  1234                           	psect	config
  1235                           
  1236                           ;Config register CONFIG @ 0x2007
  1237                           ;	Oscillator Selection bits
  1238                           ;	FOSC = HS, HS oscillator
  1239                           ;	Watchdog Timer Enable bit
  1240                           ;	WDTE = OFF, WDT disabled
  1241                           ;	Power-up Timer Enable bit
  1242                           ;	PWRTE = ON, PWRT enabled
  1243                           ;	Brown-out Reset Enable bit
  1244                           ;	BOREN = ON, BOR enabled
  1245                           ;	Low-Voltage (Single-Supply) In-Circuit Serial Programming Enable bit
  1246                           ;	LVP = ON, RB3/PGM pin has PGM function; low-voltage programming enabled
  1247                           ;	Data EEPROM Memory Code Protection bit
  1248                           ;	CPD = OFF, Data EEPROM code protection off
  1249                           ;	Flash Program Memory Write Enable bits
  1250                           ;	WRT = OFF, Write protection off; all program memory may be written to by EECON control
  1251                           ;	In-Circuit Debugger Mode bit
  1252                           ;	DEBUG = 0x1, unprogrammed default
  1253                           ;	Flash Program Memory Code Protection bit
  1254                           ;	CP = OFF, Code protection off
  1255     2007                     	org	8199
  1256     2007  3FF2               	dw	16370

Data Sizes:
    Strings     0
    Constant    22
    Data        0
    BSS         2
    Persistent  0
    Stack       0

Auto Spaces:
    Space          Size  Autos    Used
    COMMON           14      9      11
    BANK0            80      0       0
    BANK1            80      0       0
    BANK3            96      0       0
    BANK2            96      0       0

Pointer List with Targets:

    None.

Critical Paths under _main in COMMON

    _main->_Lcd_Init
    _Lcd_Init->_Lcd_Cmd
    _Lcd_Cmd->_Lcd_Port

Critical Paths under _ISR in COMMON

    None.

Critical Paths under _main in BANK0

    None.

Critical Paths under _ISR in BANK0

    None.

Critical Paths under _main in BANK1

    None.

Critical Paths under _ISR in BANK1

    None.

Critical Paths under _main in BANK3

    None.

Critical Paths under _ISR in BANK3

    None.

Critical Paths under _main in BANK2

    None.

Critical Paths under _ISR in BANK2

    None.

Call Graph Tables:

 ---------------------------------------------------------------------------------
 (Depth) Function   	        Calls       Base Space   Used Autos Params    Refs
 ---------------------------------------------------------------------------------
 (0) _main                                                 2     2      0     255
                           _Adc_Init
                           _Lcd_Init
                     _SevenSeg_Write
 ---------------------------------------------------------------------------------
 (2) _SevenSeg_Write                                       4     3      1     120
                                              3 COMMON     4     3      1
 ---------------------------------------------------------------------------------
 (1) _Lcd_Init                                             2     2      0     135
                                              7 COMMON     2     2      0
                            _Lcd_Cmd
                           _Lcd_Port
 ---------------------------------------------------------------------------------
 (2) _Lcd_Cmd                                              3     3      0      75
                                              4 COMMON     3     3      0
                           _Lcd_Port
 ---------------------------------------------------------------------------------
 (2) _Lcd_Port                                             1     1      0      60
                                              3 COMMON     1     1      0
 ---------------------------------------------------------------------------------
 (1) _Adc_Init                                             0     0      0       0
 ---------------------------------------------------------------------------------
 Estimated maximum stack depth 2
 ---------------------------------------------------------------------------------
 (Depth) Function   	        Calls       Base Space   Used Autos Params    Refs
 ---------------------------------------------------------------------------------
 (4) _ISR                                                  3     3      0       0
                                              0 COMMON     3     3      0
 ---------------------------------------------------------------------------------
 Estimated maximum stack depth 4
 ---------------------------------------------------------------------------------

 Call Graph Graphs:

 _main (ROOT)
   _Adc_Init
   _Lcd_Init
     _Lcd_Cmd
       _Lcd_Port
     _Lcd_Port
   _SevenSeg_Write

 _ISR (ROOT)

 Address spaces:
Name               Size   Autos  Total    Cost      Usage
BITCOMMON            E      0       0       0        0.0%
EEDATA             100      0       0       0        0.0%
NULL                 0      0       0       0        0.0%
CODE                 0      0       0       0        0.0%
COMMON               E      9       B       1       78.6%
BITSFR0              0      0       0       1        0.0%
SFR0                 0      0       0       1        0.0%
BITSFR1              0      0       0       2        0.0%
SFR1                 0      0       0       2        0.0%
STACK                0      0       0       2        0.0%
ABS                  0      0       B       3        0.0%
BITBANK0            50      0       0       4        0.0%
BITSFR3              0      0       0       4        0.0%
SFR3                 0      0       0       4        0.0%
BANK0               50      0       0       5        0.0%
BITSFR2              0      0       0       5        0.0%
SFR2                 0      0       0       5        0.0%
BITBANK1            50      0       0       6        0.0%
BANK1               50      0       0       7        0.0%
BITBANK3            60      0       0       8        0.0%
BANK3               60      0       0       9        0.0%
BITBANK2            60      0       0      10        0.0%
BANK2               60      0       0      11        0.0%
DATA                 0      0       B      12        0.0%


Microchip Technology PIC Macro Assembler V2.40 build 20220703182018 
Symbol Table                                                                                   Wed Jan 18 22:13:16 2023

                                   pc 0002                                    l34 010E  
                                  l70 008C                                    l71 008D  
                                  l72 0093                                    l49 0131  
                                  l73 0094                                    l74 009A  
                                  l82 0079                                    l76 009B  
                                  l68 0083                                    l69 0086  
                                  l79 00BC                                    u10 007F  
                                  u11 007E                                    u20 008A  
                                  u21 0089                                    u30 0091  
                                  u31 0090                                    u40 0098  
                                  u41 0097  __end_ofSevenSeg_Write@displayPattern 00D9  
        SevenSeg_Write@displayPattern 00CF                                    fsr 0004  
                                 l800 0049                                   l810 0067  
                                 l802 004F                                   l740 007F  
                                 l812 006D                                   l804 0055  
                                 l742 008A                                   l750 00A0  
                                 l814 0073                                   l806 005B  
                                 l744 0091                                   l760 00B9  
                                 l752 00A4                                   l808 0061  
                                 l746 0098                                   l738 007B  
                                 l754 00A7                                   l756 00AD  
                                 l748 009D                                   l782 0129  
                                 l758 00B0                                   l790 0022  
                                 l792 002B                                   l784 0015  
                                 l794 0031                                   l786 0018  
                                 l970 00D9                                   l796 003A  
                                 l788 001C                                   l972 00E3  
                                 l798 0040                                   l966 00F6  
                                 l974 00E5                                   l968 0101  
                                 l976 00E9                                   u315 0104  
                                 u327 0026                                   u337 0035  
                                 u347 0044                                   _ISR 010F  
                                 u357 00B4                                   fsr0 0004  
                                ?_ISR 0070                                  i1l27 0122  
                                u8_20 0113                                  u8_21 0112  
                                u9_20 0121                                  u9_21 0120  
                                _main 00D9                                  btemp 007E  
                                start 000C                       __end_of_Lcd_Cmd 00BD  
                               ??_ISR 0070                                 ?_main 0070  
                               i1l840 011B                                 i1l842 0121  
                               i1l836 010F                                 i1l838 0113  
                               _PORTB 0006                                 _PORTD 0008  
                               _TRISA 0085                                 _TRISB 0086  
                               _TRISD 0088                                 _TRISE 0089  
                    __end_of_Adc_Init 0132                                 pclath 000A  
                               status 0003                                 wtemp0 007E  
                    __end_of_Lcd_Init 007A                      __end_of_Lcd_Port 009C  
                     __initialization 000F                          __end_of_main 00F5  
                              ??_main 0079                                _ADCON0 001F  
                              _ADCON1 009F                                _ADRESH 001E  
                              _ADRESL 009E                                _INTCON 000B  
                           ??_Lcd_Cmd 0074                                _keypad 00C3  
                      _SevenSeg_Write 00F5                                saved_w 007E  
             __end_of__initialization 0011                        __pcstackCOMMON 0070  
              __end_of_SevenSeg_Write 010F                             ?_Adc_Init 0070  
                           ?_Lcd_Init 0070                             ?_Lcd_Port 0070  
                          __pmaintext 00D9                            __pintentry 0004  
                          ??_Adc_Init 0073                       ?_SevenSeg_Write 0073  
                          ??_Lcd_Init 0077                            ??_Lcd_Port 0073  
                          __stringtab 00BD                               _Lcd_Cmd 009C  
                 SevenSeg_Write@value 0076                               __ptext1 00F5  
                             __ptext2 0015                               __ptext3 009C  
                             __ptext4 007A                               __ptext5 0129  
                             __ptext6 010F                  Numpad_Read@oldKeyVal 0079  
                end_of_initialization 0011                             Lcd_Port@a 0073  
                           _PORTDbits 0008                             _PORTEbits 0009  
               SevenSeg_Write@display 0073                             _DisplayOn 007A  
                      __end_of_keypad 00CF                   start_initialization 000F  
                         __end_of_ISR 0129                      ??_SevenSeg_Write 0074  
                         __pbssCOMMON 0079                             ___latbits 0002  
                            ?_Lcd_Cmd 0070                             __pstrings 00BD  
                   interrupt_function 0004                              Lcd_Cmd@a 0076  
                            _Adc_Init 0129                           __stringbase 00C2  
                            _Lcd_Init 0015                              _Lcd_Port 007A  
                  __end_of__stringtab 00C3                              intlevel1 0000  
                           stringcode 00BD                            _OPTION_REG 0081  
                            stringdir 00BD                              stringtab 00BD  
